<?xml version="1.0" encoding="UTF-8"?>
<testng-results ignored="0" total="1" passed="1" failed="0" skipped="0">
  <reporter-output>
  </reporter-output>
  <suite started-at="2023-12-07T23:09:57 IST" name="OpencartSuite" finished-at="2023-12-07T23:10:26 IST" duration-ms="29298">
    <groups>
    </groups>
    <test started-at="2023-12-07T23:09:57 IST" name="OpencartTest" finished-at="2023-12-07T23:10:26 IST" duration-ms="29298">
      <class name="testCases.TC_004_SearchProductTest">
        <test-method is-config="true" signature="setup(java.lang.String)[pri:0, instance:testCases.TC_004_SearchProductTest@6e20b53a]" started-at="2023-12-07T23:09:57 IST" name="setup" finished-at="2023-12-07T23:10:22 IST" duration-ms="25143" status="PASS">
          <params>
            <param index="0">
              <value>
                <![CDATA[chrome]]>
              </value>
            </param>
          </params>
          <reporter-output>
          </reporter-output>
        </test-method> <!-- setup -->
        <test-method signature="test_searchProduct()[pri:0, instance:testCases.TC_004_SearchProductTest@6e20b53a]" started-at="2023-12-07T23:10:22 IST" name="test_searchProduct" finished-at="2023-12-07T23:10:26 IST" duration-ms="3827" status="PASS">
          <reporter-output>
          </reporter-output>
        </test-method> <!-- test_searchProduct -->
        <test-method is-config="true" signature="tearDown()[pri:0, instance:testCases.TC_004_SearchProductTest@6e20b53a]" started-at="2023-12-07T23:10:26 IST" name="tearDown" finished-at="2023-12-07T23:10:26 IST" duration-ms="0" status="PASS">
          <reporter-output>
          </reporter-output>
        </test-method> <!-- tearDown -->
      </class> <!-- testCases.TC_004_SearchProductTest -->
    </test> <!-- OpencartTest -->
  </suite> <!-- OpencartSuite -->
</testng-results>
