<?xml version="1.0" encoding="UTF-8"?>
<testng-results ignored="0" total="1" passed="1" failed="0" skipped="0">
  <reporter-output>
  </reporter-output>
  <suite started-at="2023-02-14T17:07:11 IST" name="OpencartSuite" finished-at="2023-02-14T17:07:49 IST" duration-ms="38173">
    <groups>
    </groups>
    <test started-at="2023-02-14T17:07:11 IST" name="OpencartTest" finished-at="2023-02-14T17:07:49 IST" duration-ms="38173">
      <class name="testCases.TC_006_EndToEndTest">
        <test-method is-config="true" signature="setup(java.lang.String)[pri:0, instance:testCases.TC_006_EndToEndTest@12468a38]" started-at="2023-02-14T17:07:11 IST" name="setup" finished-at="2023-02-14T17:07:14 IST" duration-ms="2872" status="PASS">
          <params>
            <param index="0">
              <value>
                <![CDATA[chrome]]>
              </value>
            </param>
          </params>
          <reporter-output>
          </reporter-output>
        </test-method> <!-- setup -->
        <test-method signature="endToendTest()[pri:0, instance:testCases.TC_006_EndToEndTest@12468a38]" started-at="2023-02-14T17:07:14 IST" name="endToendTest" finished-at="2023-02-14T17:07:48 IST" duration-ms="34680" status="PASS">
          <reporter-output>
          </reporter-output>
        </test-method> <!-- endToendTest -->
        <test-method is-config="true" signature="tearDown()[pri:0, instance:testCases.TC_006_EndToEndTest@12468a38]" started-at="2023-02-14T17:07:48 IST" name="tearDown" finished-at="2023-02-14T17:07:49 IST" duration-ms="302" status="PASS">
          <reporter-output>
          </reporter-output>
        </test-method> <!-- tearDown -->
      </class> <!-- testCases.TC_006_EndToEndTest -->
    </test> <!-- OpencartTest -->
  </suite> <!-- OpencartSuite -->
</testng-results>
