<?xml version="1.0" encoding="UTF-8"?>
<!-- Generated by org.testng.reporters.JUnitXMLReporter -->
<testsuite ignored="0" hostname="SAMCOMP" failures="1" tests="2" name="OpencartTest" time="21.381" errors="0" timestamp="2023-02-08T21:37:15 IST">
  <testcase classname="testCases.TC_001_AccountRegistrationTest" name="test_account_registration" time="2.34"/>
  <testcase classname="testCases.TC_002_LoginTest" name="test_login" time="11.074">
    <failure type="java.lang.AssertionError" message="Invalid login data expected [true] but found [false]">
      <![CDATA[java.lang.AssertionError: Invalid login data expected [true] but found [false]
at testCases.TC_002_LoginTest.test_login(TC_002_LoginTest.java:32)
at java.base/java.util.ArrayList.forEach(ArrayList.java:1511)
... Removed 32 stack frames]]>
    </failure>
  </testcase> <!-- test_login -->
</testsuite> <!-- OpencartTest -->
