<?xml version="1.0" encoding="UTF-8"?>
<!-- Generated by org.testng.reporters.JUnitXMLReporter -->
<testsuite ignored="0" hostname="SAMCOMP" failures="0" tests="5" name="OpencartTest" time="36.609" errors="0" timestamp="2023-12-05T13:53:21 IST">
  <testcase classname="testCases.TC_003_LoginDataDrivenTest" name="test_loginDDT" time="2.008"/>
  <testcase classname="testCases.TC_003_LoginDataDrivenTest" name="test_loginDDT" time="10.804"/>
  <testcase classname="testCases.TC_003_LoginDataDrivenTest" name="test_loginDDT" time="1.992"/>
  <testcase classname="testCases.TC_003_LoginDataDrivenTest" name="test_loginDDT" time="10.667"/>
  <testcase classname="testCases.TC_003_LoginDataDrivenTest" name="test_loginDDT" time="1.551"/>
</testsuite> <!-- OpencartTest -->
